2020-04-17 16:42:11,637 E:/GitHub/Appium-AutoTest/project/PlatformLimits/desired_caps.py[line:30] INFO 启动APP
2020-04-17 16:48:39,312 E:\GitHub\Appium-AutoTest\project\PlatformLimits\pageObject\desiredCaps.py[line:25] INFO 启动APP
2020-04-18 09:19:40,972 E:\GitHub\Appium-AutoTest\project\PlatformLimits\pageObject\desiredCaps.py[line:25] INFO 启动APP
2020-04-18 09:20:08,043 E:\GitHub\Appium-AutoTest\project\PlatformLimits\pageObject\desiredCaps.py[line:25] INFO 启动APP
2020-04-18 09:25:27,161 E:\GitHub\Appium-AutoTest\project\PlatformLimits\pageObject\desiredCaps.py[line:25] INFO 启动APP
2020-04-18 09:25:42,269 E:\GitHub\Appium-AutoTest\project\PlatformLimits\pageObject\desiredCaps.py[line:25] INFO 启动APP
2020-04-18 09:27:49,924 E:\GitHub\Appium-AutoTest\project\PlatformLimits\pageObject\desiredCaps.py[line:25] INFO 启动APP
2020-04-18 09:28:17,552 E:/GitHub/Appium-AutoTest/project/PlatformLimits/pageObject/comminFun.py[line:84] INFO 查找登录按钮
2020-04-18 09:28:17,604 E:/GitHub/Appium-AutoTest/project/PlatformLimits/pageObject/comminFun.py[line:89] INFO 没有找到登录按钮
2020-04-18 09:28:17,604 E:/GitHub/Appium-AutoTest/project/PlatformLimits/pageObject/comminFun.py[line:18] INFO 查找确定按钮
2020-04-18 09:28:17,610 E:/GitHub/Appium-AutoTest/project/PlatformLimits/pageObject/comminFun.py[line:23] INFO 没有找到确定按钮
2020-04-18 09:43:56,408 E:\GitHub\Appium-AutoTest\project\PlatformLimits\pageObject\desiredCaps.py[line:25] INFO 启动APP
2020-04-18 09:44:24,653 E:/GitHub/Appium-AutoTest/project/PlatformLimits/pageObject/comminFun.py[line:84] INFO 查找登录按钮
2020-04-18 09:44:25,327 E:/GitHub/Appium-AutoTest/project/PlatformLimits/pageObject/comminFun.py[line:89] INFO 没有找到登录按钮
2020-04-18 09:44:25,328 E:/GitHub/Appium-AutoTest/project/PlatformLimits/pageObject/comminFun.py[line:18] INFO 查找确定按钮
2020-04-18 09:44:28,007 E:/GitHub/Appium-AutoTest/project/PlatformLimits/pageObject/comminFun.py[line:23] INFO 没有找到确定按钮
2020-04-18 09:46:01,057 E:\GitHub\Appium-AutoTest\project\PlatformLimits\pageObject\desiredCaps.py[line:25] INFO 启动APP
2020-04-18 09:46:29,460 E:/GitHub/Appium-AutoTest/project/PlatformLimits/pageObject/comminFun.py[line:84] INFO 查找登录按钮
2020-04-18 09:46:30,752 E:/GitHub/Appium-AutoTest/project/PlatformLimits/pageObject/comminFun.py[line:89] INFO 没有找到登录按钮
2020-04-18 09:46:30,752 E:/GitHub/Appium-AutoTest/project/PlatformLimits/pageObject/comminFun.py[line:18] INFO 查找确定按钮
2020-04-18 09:46:33,440 E:/GitHub/Appium-AutoTest/project/PlatformLimits/pageObject/comminFun.py[line:23] INFO 没有找到确定按钮
2020-04-18 09:48:34,605 E:\GitHub\Appium-AutoTest\project\PlatformLimits\pageObject\desiredCaps.py[line:25] INFO 启动APP
2020-04-18 09:48:42,887 E:\GitHub\Appium-AutoTest\project\PlatformLimits\pageObject\desiredCaps.py[line:25] INFO 启动APP
2020-04-18 09:49:08,344 E:/GitHub/Appium-AutoTest/project/PlatformLimits/pageObject/comminFun.py[line:84] INFO 查找登录按钮
2020-04-18 09:49:11,058 E:/GitHub/Appium-AutoTest/project/PlatformLimits/pageObject/comminFun.py[line:89] INFO 没有找到登录按钮
2020-04-18 09:49:11,058 E:/GitHub/Appium-AutoTest/project/PlatformLimits/pageObject/comminFun.py[line:18] INFO 查找确定按钮
2020-04-18 09:49:14,068 E:/GitHub/Appium-AutoTest/project/PlatformLimits/pageObject/comminFun.py[line:23] INFO 没有找到确定按钮
2020-04-18 09:54:24,887 E:\GitHub\Appium-AutoTest\project\PlatformLimits\pageObject\desiredCaps.py[line:25] INFO 启动APP
2020-04-18 09:54:53,308 E:/GitHub/Appium-AutoTest/project/PlatformLimits/pageObject/comminFun.py[line:84] INFO 查找登录按钮
2020-04-18 09:54:53,317 E:/GitHub/Appium-AutoTest/project/PlatformLimits/pageObject/comminFun.py[line:89] INFO 没有找到登录按钮
2020-04-18 09:54:53,317 E:/GitHub/Appium-AutoTest/project/PlatformLimits/pageObject/comminFun.py[line:18] INFO 查找确定按钮
2020-04-18 09:54:53,324 E:/GitHub/Appium-AutoTest/project/PlatformLimits/pageObject/comminFun.py[line:23] INFO 没有找到确定按钮
2020-04-18 09:55:45,624 E:\GitHub\Appium-AutoTest\project\PlatformLimits\pageObject\desiredCaps.py[line:25] INFO 启动APP
2020-04-18 09:56:16,870 E:/GitHub/Appium-AutoTest/project/PlatformLimits/pageObject/comminFun.py[line:84] INFO 查找登录按钮
2020-04-18 10:00:17,721 E:\GitHub\Appium-AutoTest\project\PlatformLimits\pageObject\desiredCaps.py[line:25] INFO 启动APP
2020-04-18 10:00:49,140 E:/GitHub/Appium-AutoTest/project/PlatformLimits/pageObject/comminFun.py[line:84] INFO 查找登录按钮
2020-04-18 10:00:51,699 E:/GitHub/Appium-AutoTest/project/PlatformLimits/pageObject/comminFun.py[line:89] INFO 没有找到登录按钮
2020-04-18 10:00:51,699 E:/GitHub/Appium-AutoTest/project/PlatformLimits/pageObject/comminFun.py[line:18] INFO 查找确定按钮
2020-04-18 10:00:51,705 E:/GitHub/Appium-AutoTest/project/PlatformLimits/pageObject/comminFun.py[line:23] INFO 没有找到确定按钮
2020-04-18 10:06:28,961 E:\GitHub\Appium-AutoTest\project\PlatformLimits\pageObject\desiredCaps.py[line:25] INFO 启动APP
2020-04-18 10:06:57,444 E:/GitHub/Appium-AutoTest/project/PlatformLimits/pageObject/comminFun.py[line:84] INFO 查找登录按钮
2020-04-18 10:06:58,270 E:/GitHub/Appium-AutoTest/project/PlatformLimits/pageObject/comminFun.py[line:91] INFO 点击登录
2020-04-18 10:06:58,347 E:/GitHub/Appium-AutoTest/project/PlatformLimits/pageObject/comminFun.py[line:18] INFO 查找确定按钮
2020-04-18 10:06:58,370 E:/GitHub/Appium-AutoTest/project/PlatformLimits/pageObject/comminFun.py[line:23] INFO 没有找到确定按钮
2020-04-18 10:07:54,066 E:\GitHub\Appium-AutoTest\project\PlatformLimits\pageObject\desiredCaps.py[line:25] INFO 启动APP
2020-04-18 10:08:23,435 E:/GitHub/Appium-AutoTest/project/PlatformLimits/pageObject/comminFun.py[line:84] INFO 查找登录按钮
2020-04-18 10:08:25,519 E:/GitHub/Appium-AutoTest/project/PlatformLimits/pageObject/comminFun.py[line:89] INFO 没有找到登录按钮
2020-04-18 10:08:25,519 E:/GitHub/Appium-AutoTest/project/PlatformLimits/pageObject/comminFun.py[line:18] INFO 查找确定按钮
2020-04-18 10:08:25,525 E:/GitHub/Appium-AutoTest/project/PlatformLimits/pageObject/comminFun.py[line:23] INFO 没有找到确定按钮
2020-04-18 10:08:53,248 E:\GitHub\Appium-AutoTest\project\PlatformLimits\pageObject\desiredCaps.py[line:25] INFO 启动APP
2020-04-18 10:09:21,541 E:/GitHub/Appium-AutoTest/project/PlatformLimits/pageObject/comminFun.py[line:84] INFO 查找登录按钮
2020-04-18 10:09:23,608 E:/GitHub/Appium-AutoTest/project/PlatformLimits/pageObject/comminFun.py[line:89] INFO 没有找到登录按钮
2020-04-18 10:09:23,608 E:/GitHub/Appium-AutoTest/project/PlatformLimits/pageObject/comminFun.py[line:18] INFO 查找确定按钮
2020-04-18 10:09:23,615 E:/GitHub/Appium-AutoTest/project/PlatformLimits/pageObject/comminFun.py[line:23] INFO 没有找到确定按钮
2020-04-18 10:23:18,835 E:\GitHub\Appium-AutoTest\project\PlatformLimits\pageObject\desiredCaps.py[line:25] INFO 启动APP
2020-04-18 10:23:51,701 E:/GitHub/Appium-AutoTest/project/PlatformLimits/pageObject/comminFun.py[line:84] INFO 查找登录按钮
2020-04-18 10:23:53,969 E:/GitHub/Appium-AutoTest/project/PlatformLimits/pageObject/comminFun.py[line:89] INFO 没有找到登录按钮
2020-04-18 10:23:53,970 E:/GitHub/Appium-AutoTest/project/PlatformLimits/pageObject/comminFun.py[line:18] INFO 查找确定按钮
2020-04-18 10:23:53,984 E:/GitHub/Appium-AutoTest/project/PlatformLimits/pageObject/comminFun.py[line:23] INFO 没有找到确定按钮
2020-04-18 10:24:07,985 E:\GitHub\Appium-AutoTest\project\PlatformLimits\pageObject\desiredCaps.py[line:25] INFO 启动APP
2020-04-18 10:24:36,595 E:/GitHub/Appium-AutoTest/project/PlatformLimits/pageObject/comminFun.py[line:84] INFO 查找登录按钮
2020-04-18 10:24:38,924 E:/GitHub/Appium-AutoTest/project/PlatformLimits/pageObject/comminFun.py[line:89] INFO 没有找到登录按钮
2020-04-18 10:24:38,924 E:/GitHub/Appium-AutoTest/project/PlatformLimits/pageObject/comminFun.py[line:18] INFO 查找确定按钮
2020-04-18 10:24:38,931 E:/GitHub/Appium-AutoTest/project/PlatformLimits/pageObject/comminFun.py[line:23] INFO 没有找到确定按钮
2020-04-18 10:26:58,622 E:\GitHub\Appium-AutoTest\project\PlatformLimits\pageObject\desiredCaps.py[line:25] INFO 启动APP
2020-04-18 10:32:17,573 E:\GitHub\Appium-AutoTest\project\PlatformLimits\pageObject\desiredCaps.py[line:25] INFO 启动APP
2020-04-18 10:33:57,779 E:\GitHub\Appium-AutoTest\project\PlatformLimits\pageObject\desiredCaps.py[line:25] INFO 启动APP
2020-04-18 10:35:31,582 E:\GitHub\Appium-AutoTest\project\PlatformLimits\pageObject\desiredCaps.py[line:25] INFO 启动APP
2020-04-18 10:36:26,843 E:\GitHub\Appium-AutoTest\project\PlatformLimits\pageObject\desiredCaps.py[line:25] INFO 启动APP
2020-04-18 10:36:58,509 E:/GitHub/Appium-AutoTest/project/PlatformLimits/pageObject/comminFun.py[line:84] INFO 查找登录按钮
2020-04-18 10:37:00,658 E:/GitHub/Appium-AutoTest/project/PlatformLimits/pageObject/comminFun.py[line:89] INFO 没有找到登录按钮
2020-04-18 10:37:00,659 E:/GitHub/Appium-AutoTest/project/PlatformLimits/pageObject/comminFun.py[line:18] INFO 查找确定按钮
2020-04-18 10:37:00,666 E:/GitHub/Appium-AutoTest/project/PlatformLimits/pageObject/comminFun.py[line:23] INFO 没有找到确定按钮
2020-04-18 10:37:29,017 E:\GitHub\Appium-AutoTest\project\PlatformLimits\pageObject\desiredCaps.py[line:25] INFO 启动APP
2020-04-18 10:37:58,060 E:/GitHub/Appium-AutoTest/project/PlatformLimits/pageObject/comminFun.py[line:84] INFO 查找登录按钮
2020-04-18 10:38:00,877 E:/GitHub/Appium-AutoTest/project/PlatformLimits/pageObject/comminFun.py[line:89] INFO 没有找到登录按钮
2020-04-18 10:38:00,877 E:/GitHub/Appium-AutoTest/project/PlatformLimits/pageObject/comminFun.py[line:18] INFO 查找确定按钮
2020-04-18 10:38:00,884 E:/GitHub/Appium-AutoTest/project/PlatformLimits/pageObject/comminFun.py[line:23] INFO 没有找到确定按钮
2020-04-18 10:40:15,840 E:\GitHub\Appium-AutoTest\project\PlatformLimits\pageObject\desiredCaps.py[line:25] INFO 启动APP
2020-04-18 10:40:44,232 E:/GitHub/Appium-AutoTest/project/PlatformLimits/pageObject/comminFun.py[line:84] INFO 查找登录按钮
2020-04-18 10:40:45,725 E:/GitHub/Appium-AutoTest/project/PlatformLimits/pageObject/comminFun.py[line:91] INFO 点击登录
2020-04-18 10:40:45,822 E:/GitHub/Appium-AutoTest/project/PlatformLimits/pageObject/comminFun.py[line:18] INFO 查找确定按钮
2020-04-18 10:40:45,836 E:/GitHub/Appium-AutoTest/project/PlatformLimits/pageObject/comminFun.py[line:23] INFO 没有找到确定按钮
2020-04-18 10:42:27,502 E:\GitHub\Appium-AutoTest\project\PlatformLimits\pageObject\desiredCaps.py[line:25] INFO 启动APP
2020-04-18 10:42:55,923 E:/GitHub/Appium-AutoTest/project/PlatformLimits/pageObject/comminFun.py[line:84] INFO 查找登录按钮
2020-04-18 10:42:58,245 E:/GitHub/Appium-AutoTest/project/PlatformLimits/pageObject/comminFun.py[line:89] INFO 没有找到登录按钮
2020-04-18 10:42:58,246 E:/GitHub/Appium-AutoTest/project/PlatformLimits/pageObject/comminFun.py[line:18] INFO 查找确定按钮
2020-04-18 10:42:58,265 E:/GitHub/Appium-AutoTest/project/PlatformLimits/pageObject/comminFun.py[line:23] INFO 没有找到确定按钮
2020-04-18 10:48:03,634 E:\GitHub\Appium-AutoTest\project\PlatformLimits\pageObject\desiredCaps.py[line:25] INFO 启动APP
2020-04-18 10:48:32,355 E:/GitHub/Appium-AutoTest/project/PlatformLimits/pageObject/comminFun.py[line:84] INFO 查找登录按钮
2020-04-18 10:48:35,218 E:/GitHub/Appium-AutoTest/project/PlatformLimits/pageObject/comminFun.py[line:89] INFO 没有找到登录按钮
2020-04-18 10:48:35,218 E:/GitHub/Appium-AutoTest/project/PlatformLimits/pageObject/comminFun.py[line:18] INFO 查找确定按钮
2020-04-18 10:48:35,226 E:/GitHub/Appium-AutoTest/project/PlatformLimits/pageObject/comminFun.py[line:23] INFO 没有找到确定按钮
2020-04-18 10:49:08,342 E:\GitHub\Appium-AutoTest\project\PlatformLimits\pageObject\desiredCaps.py[line:25] INFO 启动APP
2020-04-18 10:49:36,722 E:/GitHub/Appium-AutoTest/project/PlatformLimits/pageObject/comminFun.py[line:84] INFO 查找登录按钮
2020-04-18 10:49:37,631 E:/GitHub/Appium-AutoTest/project/PlatformLimits/pageObject/comminFun.py[line:91] INFO 点击登录
2020-04-18 10:49:37,706 E:/GitHub/Appium-AutoTest/project/PlatformLimits/pageObject/comminFun.py[line:18] INFO 查找确定按钮
2020-04-18 10:49:37,726 E:/GitHub/Appium-AutoTest/project/PlatformLimits/pageObject/comminFun.py[line:23] INFO 没有找到确定按钮
2020-04-18 10:52:29,184 E:\GitHub\Appium-AutoTest\project\PlatformLimits\pageObject\desiredCaps.py[line:25] INFO 启动APP
2020-04-18 10:52:57,891 E:/GitHub/Appium-AutoTest/project/PlatformLimits/pageObject/comminFun.py[line:84] INFO 查找登录按钮
2020-04-18 10:53:00,248 E:/GitHub/Appium-AutoTest/project/PlatformLimits/pageObject/comminFun.py[line:89] INFO 没有找到登录按钮
2020-04-18 10:53:00,248 E:/GitHub/Appium-AutoTest/project/PlatformLimits/pageObject/comminFun.py[line:18] INFO 查找确定按钮
2020-04-18 10:53:00,255 E:/GitHub/Appium-AutoTest/project/PlatformLimits/pageObject/comminFun.py[line:23] INFO 没有找到确定按钮
2020-04-18 10:53:33,897 E:\GitHub\Appium-AutoTest\project\PlatformLimits\pageObject\desiredCaps.py[line:25] INFO 启动APP
2020-04-18 10:54:51,543 E:\GitHub\Appium-AutoTest\project\PlatformLimits\pageObject\desiredCaps.py[line:25] INFO 启动APP
2020-04-18 10:56:25,641 E:\GitHub\Appium-AutoTest\project\PlatformLimits\pageObject\desiredCaps.py[line:25] INFO 启动APP
2020-04-18 13:55:20,881 E:\GitHub\Appium-AutoTest\project\PlatformLimits\pageObject\desiredCaps.py[line:25] INFO 启动APP
2020-04-18 14:01:42,531 E:\GitHub\Appium-AutoTest\project\PlatformLimits\pageObject\desiredCaps.py[line:25] INFO 启动APP
2020-04-18 14:02:10,712 E:/GitHub/Appium-AutoTest/project/PlatformLimits/pageObject/comminFun.py[line:84] INFO 查找登录按钮
2020-04-18 14:02:12,771 E:/GitHub/Appium-AutoTest/project/PlatformLimits/pageObject/comminFun.py[line:89] INFO 没有找到登录按钮
2020-04-18 14:02:12,771 E:/GitHub/Appium-AutoTest/project/PlatformLimits/pageObject/comminFun.py[line:18] INFO 查找确定按钮
2020-04-18 14:02:15,519 E:/GitHub/Appium-AutoTest/project/PlatformLimits/pageObject/comminFun.py[line:23] INFO 没有找到确定按钮
2020-04-18 14:09:29,911 E:\GitHub\Appium-AutoTest\project\PlatformLimits\pageObject\desiredCaps.py[line:25] INFO 启动APP
2020-04-18 14:09:58,406 E:/GitHub/Appium-AutoTest/project/PlatformLimits/pageObject/comminFun.py[line:84] INFO 查找登录按钮
2020-04-18 14:10:01,270 E:/GitHub/Appium-AutoTest/project/PlatformLimits/pageObject/comminFun.py[line:89] INFO 没有找到登录按钮
2020-04-18 14:10:01,270 E:/GitHub/Appium-AutoTest/project/PlatformLimits/pageObject/comminFun.py[line:18] INFO 查找确定按钮
2020-04-18 14:10:03,280 E:/GitHub/Appium-AutoTest/project/PlatformLimits/pageObject/comminFun.py[line:23] INFO 没有找到确定按钮
2020-04-18 14:27:21,486 E:\GitHub\Appium-AutoTest\project\PlatformLimits\pageObject\desiredCaps.py[line:25] INFO 启动APP
2020-04-18 14:27:46,206 E:/GitHub/Appium-AutoTest/project/PlatformLimits/pageObject/comminFun.py[line:84] INFO 查找登录按钮
2020-04-18 14:27:48,436 E:/GitHub/Appium-AutoTest/project/PlatformLimits/pageObject/comminFun.py[line:89] INFO 没有找到登录按钮
2020-04-18 14:27:48,436 E:/GitHub/Appium-AutoTest/project/PlatformLimits/pageObject/comminFun.py[line:18] INFO 查找确定按钮
2020-04-18 14:27:50,475 E:/GitHub/Appium-AutoTest/project/PlatformLimits/pageObject/comminFun.py[line:23] INFO 没有找到确定按钮
2020-04-18 14:46:27,440 E:\GitHub\Appium-AutoTest\project\PlatformLimits\pageObject\desiredCaps.py[line:25] INFO 启动APP
2020-04-18 14:46:53,048 E:/GitHub/Appium-AutoTest/project/PlatformLimits/pageObject/loginView.py[line:13] INFO 开始登录
2020-04-18 14:46:53,048 E:/GitHub/Appium-AutoTest/project/PlatformLimits/pageObject/loginView.py[line:14] INFO 用户名：1
